<?xml version="1.0" encoding="UTF-8"?>
<!-- Generated by org.testng.reporters.JUnitXMLReporter -->
<testsuite ignored="0" hostname="DESKTOP-9DL12AG" failures="0" tests="4" name="myTest" time="26.666" errors="0" timestamp="2025-04-04T14:10:21 IST">
  <testcase classname="testscript.LoginTest" name="verifyUserLoginWithValidCredentials" time="2.353"/>
  <testcase classname="testscript.LoginTest" name="verifyUserLoginWithValidUsernameAndInvalidPassword" time="1.627"/>
  <testcase classname="testscript.LoginTest" name="verifyUserLoginwithInvalid_Credentials" time="1.063"/>
  <testcase classname="testscript.LoginTest" name="verifyUserloginwithinvalidUsernameAndValidPassword" time="1.042"/>
</testsuite> <!-- myTest -->
